<?xml version="1.0" encoding="UTF-8"?>
<!-- Generated by org.testng.reporters.JUnitXMLReporter -->
<testsuite ignored="0" hostname="TejalShinde" failures="1" tests="1" name="Test" time="22.865" errors="0" timestamp="2023-11-18T16:15:56 IST">
  <testcase classname="testClass.GetEpayAddNewSubjectTest" name="addSubject" time="12.158">
    <failure type="java.lang.AssertionError" message="expected [true] but found [false]">
      <![CDATA[java.lang.AssertionError: expected [true] but found [false]
at pageObjectsPOM.GetEpayAddNewSubject.verifySuccessPopup(GetEpayAddNewSubject.java:95)
at testClass.GetEpayAddNewSubjectTest.addSubject(GetEpayAddNewSubjectTest.java:43)
at java.base/java.util.ArrayList.forEach(ArrayList.java:1511)
... Removed 32 stack frames]]>
    </failure>
  </testcase> <!-- addSubject -->
</testsuite> <!-- Test -->
